c:\users\brandon\source\repos\pythoncppsample - copy\release\vc142.pdb
c:\users\brandon\source\repos\pythoncppsample - copy\release\source.obj
c:\users\brandon\source\repos\pythoncppsample - copy\release\pythoncppsample.exe
c:\users\brandon\source\repos\pythoncppsample - copy\release\pythoncppsample.pdb
c:\users\brandon\source\repos\pythoncppsample\release\pythoncppsample.ipdb
c:\users\brandon\source\repos\pythoncppsample\release\pythoncppsample.iobj
c:\users\brandon\source\repos\pythoncppsample - copy\release\pythoncppsample.ipdb
c:\users\brandon\source\repos\pythoncppsample - copy\release\pythoncppsample.iobj
c:\users\brandon\source\repos\project3_cs210\release\source.obj
c:\users\brandon\source\repos\project3_cs210\release\pythoncppsample.ipdb
c:\users\brandon\source\repos\project3_cs210\release\pythoncppsample.iobj
c:\users\brandon\source\repos\project3_cs210\release\pythoncppsample.pdb
c:\users\brandon\source\repos\project3_cs210\release\vc142.pdb
c:\users\brandon\source\repos\project3_cs210\release\pythoncppsample.exe
c:\users\brandon\source\repos\project3_cs210\release\pythoncppsample.tlog\cl.command.1.tlog
c:\users\brandon\source\repos\project3_cs210\release\pythoncppsample.tlog\cl.read.1.tlog
c:\users\brandon\source\repos\project3_cs210\release\pythoncppsample.tlog\cl.write.1.tlog
c:\users\brandon\source\repos\project3_cs210\release\pythoncppsample.tlog\link.command.1.tlog
c:\users\brandon\source\repos\project3_cs210\release\pythoncppsample.tlog\link.read.1.tlog
c:\users\brandon\source\repos\project3_cs210\release\pythoncppsample.tlog\link.write.1.tlog
c:\users\brandon\source\repos\project3_cs210\release\pythoncppsample.tlog\pythoncppsample.write.1u.tlog
